FarmSeller/hellocharts-samples/build/outputs/mapping/release/seeds.txt
lecho.lib.hellocharts.samples.R$bool
lecho.lib.hellocharts.samples.R$bool: int abc_action_bar_embed_tabs_pre_jb
lecho.lib.hellocharts.samples.R$bool: int abc_action_bar_expanded_action_views_exclusive
lecho.lib.hellocharts.samples.R$bool: int abc_config_actionMenuItemAllCaps
lecho.lib.hellocharts.samples.R$bool: int abc_config_allowActionMenuItemTextWithIcon
lecho.lib.hellocharts.samples.R$bool: int abc_config_showMenuShortcutsWhenKeyboardPresent
lecho.lib.hellocharts.samples.R$bool: int abc_split_action_bar_is_narrow
lecho.lib.hellocharts.samples.R$color
lecho.lib.hellocharts.samples.R$color: int abc_search_url_text_holo
lecho.lib.hellocharts.samples.R$color: int abc_search_url_text_normal
lecho.lib.hellocharts.samples.R$color: int abc_search_url_text_pressed
lecho.lib.hellocharts.samples.R$color: int abc_search_url_text_selected
lecho.lib.hellocharts.samples.R$color: int holo_blue
lecho.lib.hellocharts.samples.R$color: int holo_blue_dark
lecho.lib.hellocharts.samples.R$color: int holo_blue_light
lecho.lib.hellocharts.samples.R$color: int holo_orange
lecho.lib.hellocharts.samples.R$color: int holo_orange_dark
lecho.lib.hellocharts.samples.R$color: int selector_text_link
lecho.lib.hellocharts.samples.R$dimen
lecho.lib.hellocharts.samples.R$dimen: int abc_action_bar_default_height
lecho.lib.hellocharts.samples.R$dimen: int abc_action_bar_icon_vertical_padding
lecho.lib.hellocharts.samples.R$dimen: int abc_action_bar_progress_bar_size
lecho.lib.hellocharts.samples.R$dimen: int abc_action_bar_stacked_max_height
lecho.lib.hellocharts.samples.R$dimen: int abc_action_bar_stacked_tab_max_width
lecho.lib.hellocharts.samples.R$dimen: int abc_action_bar_subtitle_bottom_margin
lecho.lib.hellocharts.samples.R$dimen: int abc_action_bar_subtitle_text_size
lecho.lib.hellocharts.samples.R$dimen: int abc_action_bar_subtitle_top_margin
lecho.lib.hellocharts.samples.R$dimen: int abc_action_bar_title_text_size
lecho.lib.hellocharts.samples.R$dimen: int abc_action_button_min_width
lecho.lib.hellocharts.samples.R$dimen: int abc_config_prefDialogWidth
lecho.lib.hellocharts.samples.R$dimen: int abc_dropdownitem_icon_width
lecho.lib.hellocharts.samples.R$dimen: int abc_dropdownitem_text_padding_left
lecho.lib.hellocharts.samples.R$dimen: int abc_dropdownitem_text_padding_right
lecho.lib.hellocharts.samples.R$dimen: int abc_panel_menu_list_width
lecho.lib.hellocharts.samples.R$dimen: int abc_search_view_preferred_width
lecho.lib.hellocharts.samples.R$dimen: int abc_search_view_text_min_width
lecho.lib.hellocharts.samples.R$dimen: int activity_horizontal_margin
lecho.lib.hellocharts.samples.R$dimen: int activity_vertical_margin