FarmSeller/hellocharts-samples/build/outputs/mapping/release/mapping.txt
lecho.lib.hellocharts.samples.MainActivity$PlaceholderFragment -> lecho.lib.hellocharts.samples.MainActivity$d:
    android.widget.ListView listView -> a
    lecho.lib.hellocharts.samples.MainActivity$ChartSamplesAdapter adapter -> b
    void <init>() -> <init>
    android.view.View onCreateView(android.view.LayoutInflater,android.view.ViewGroup,android.os.Bundle) -> onCreateView
    void onItemClick(android.widget.AdapterView,android.view.View,int,long) -> onItemClick
    java.util.List generateSamplesDescriptions() -> a
lecho.lib.hellocharts.samples.PieChartActivity -> lecho.lib.hellocharts.samples.PieChartActivity:
    void <init>() -> <init>
    void onCreate(android.os.Bundle) -> onCreate
lecho.lib.hellocharts.samples.PieChartActivity$1 -> lecho.lib.hellocharts.samples.PieChartActivity$1:
lecho.lib.hellocharts.samples.PieChartActivity$PlaceholderFragment -> lecho.lib.hellocharts.samples.PieChartActivity$a:
    lecho.lib.hellocharts.view.PieChartView chart -> a
    lecho.lib.hellocharts.model.PieChartData data -> b
    boolean hasLabels -> c
    boolean hasLabelsOutside -> d
    boolean hasCenterCircle -> e
    boolean hasCenterText1 -> f
    boolean hasCenterText2 -> g
    boolean isExploded -> h
    boolean hasLabelForSelected -> i
    void <init>() -> <init>
    android.view.View onCreateView(android.view.LayoutInflater,android.view.ViewGroup,android.os.Bundle) -> onCreateView
    void onCreateOptionsMenu(android.view.Menu,android.view.MenuInflater) -> onCreateOptionsMenu
    boolean onOptionsItemSelected(android.view.MenuItem) -> onOptionsItemSelected
    void reset() -> a
    void generateData() -> b
    void explodeChart() -> c
    void toggleLabelsOutside() -> d
    void toggleLabels() -> e
    void toggleLabelForSelected() -> f
    void prepareDataAnimation() -> g
lecho.lib.hellocharts.samples.PieChartActivity$PlaceholderFragment$ValueTouchListener -> lecho.lib.hellocharts.samples.PieChartActivity$a$a:
    lecho.lib.hellocharts.samples.PieChartActivity$PlaceholderFragment this$0 -> a
    void <init>(lecho.lib.hellocharts.samples.PieChartActivity$PlaceholderFragment) -> <init>
    void onValueSelected(int,lecho.lib.hellocharts.model.SliceValue) -> onValueSelected
    void onValueDeselected() -> onValueDeselected
    void <init>(lecho.lib.hellocharts.samples.PieChartActivity$PlaceholderFragment,lecho.lib.hellocharts.samples.PieChartActivity$1) -> <init>
lecho.lib.hellocharts.samples.PreviewColumnChartActivity -> lecho.lib.hellocharts.samples.PreviewColumnChartActivity:
    void <init>() -> <init>
    void onCreate(android.os.Bundle) -> onCreate
lecho.lib.hellocharts.samples.PreviewColumnChartActivity$1 -> lecho.lib.hellocharts.samples.PreviewColumnChartActivity$1:
lecho.lib.hellocharts.samples.PreviewColumnChartActivity$PlaceholderFragment -> lecho.lib.hellocharts.samples.PreviewColumnChartActivity$a:
    lecho.lib.hellocharts.view.ColumnChartView chart -> a
    lecho.lib.hellocharts.view.PreviewColumnChartView previewChart -> b
    lecho.lib.hellocharts.model.ColumnChartData data -> c
    lecho.lib.hellocharts.model.ColumnChartData previewData -> d
    void <init>() -> <init>
    android.view.View onCreateView(android.view.LayoutInflater,android.view.ViewGroup,android.os.Bundle) -> onCreateView
    void onCreateOptionsMenu(android.view.Menu,android.view.MenuInflater) -> onCreateOptionsMenu
    boolean onOptionsItemSelected(android.view.MenuItem) -> onOptionsItemSelected
    void generateDefaultData() -> a
    void previewY() -> b
    void previewX(boolean) -> a
    void previewXY() -> c
    lecho.lib.hellocharts.view.ColumnChartView access$100(lecho.lib.hellocharts.samples.PreviewColumnChartActivity$PlaceholderFragment) -> a